Determining if the pthread_create exist failed with the following output:
Change Dir: /home/meital/ReplicatedSecretSharing3PartiesArithmeticNoTriples/cmake-build-debug/CMakeFiles/CMakeTmp

Run Build Command:"/usr/bin/make" "cmTC_77b47/fast"
/usr/bin/make -f CMakeFiles/cmTC_77b47.dir/build.make CMakeFiles/cmTC_77b47.dir/build
make[1]: Entering directory '/home/meital/ReplicatedSecretSharing3PartiesArithmeticNoTriples/cmake-build-debug/CMakeFiles/CMakeTmp'
Building C object CMakeFiles/cmTC_77b47.dir/CheckSymbolExists.c.o
/usr/bin/cc    -o CMakeFiles/cmTC_77b47.dir/CheckSymbolExists.c.o   -c /home/meital/ReplicatedSecretSharing3PartiesArithmeticNoTriples/cmake-build-debug/CMakeFiles/CMakeTmp/CheckSymbolExists.c
Linking C executable cmTC_77b47
/home/meital/clion-2017.2.3/bin/cmake/bin/cmake -E cmake_link_script CMakeFiles/cmTC_77b47.dir/link.txt --verbose=1
/usr/bin/cc      -rdynamic CMakeFiles/cmTC_77b47.dir/CheckSymbolExists.c.o  -o cmTC_77b47 
CMakeFiles/cmTC_77b47.dir/CheckSymbolExists.c.o: In function `main':
CheckSymbolExists.c:(.text+0x16): undefined reference to `pthread_create'
collect2: error: ld returned 1 exit status
CMakeFiles/cmTC_77b47.dir/build.make:97: recipe for target 'cmTC_77b47' failed
make[1]: *** [cmTC_77b47] Error 1
make[1]: Leaving directory '/home/meital/ReplicatedSecretSharing3PartiesArithmeticNoTriples/cmake-build-debug/CMakeFiles/CMakeTmp'
Makefile:126: recipe for target 'cmTC_77b47/fast' failed
make: *** [cmTC_77b47/fast] Error 2

File /home/meital/ReplicatedSecretSharing3PartiesArithmeticNoTriples/cmake-build-debug/CMakeFiles/CMakeTmp/CheckSymbolExists.c:
/* */
#include <pthread.h>

int main(int argc, char** argv)
{
  (void)argv;
#ifndef pthread_create
  return ((int*)(&pthread_create))[argc];
#else
  (void)argc;
  return 0;
#endif
}

Determining if the function pthread_create exists in the pthreads failed with the following output:
Change Dir: /home/meital/ReplicatedSecretSharing3PartiesArithmeticNoTriples/cmake-build-debug/CMakeFiles/CMakeTmp

Run Build Command:"/usr/bin/make" "cmTC_ff9e2/fast"
/usr/bin/make -f CMakeFiles/cmTC_ff9e2.dir/build.make CMakeFiles/cmTC_ff9e2.dir/build
make[1]: Entering directory '/home/meital/ReplicatedSecretSharing3PartiesArithmeticNoTriples/cmake-build-debug/CMakeFiles/CMakeTmp'
Building C object CMakeFiles/cmTC_ff9e2.dir/CheckFunctionExists.c.o
/usr/bin/cc   -DCHECK_FUNCTION_EXISTS=pthread_create   -o CMakeFiles/cmTC_ff9e2.dir/CheckFunctionExists.c.o   -c /home/meital/clion-2017.2.3/bin/cmake/share/cmake-3.8/Modules/CheckFunctionExists.c
Linking C executable cmTC_ff9e2
/home/meital/clion-2017.2.3/bin/cmake/bin/cmake -E cmake_link_script CMakeFiles/cmTC_ff9e2.dir/link.txt --verbose=1
/usr/bin/cc  -DCHECK_FUNCTION_EXISTS=pthread_create    -rdynamic CMakeFiles/cmTC_ff9e2.dir/CheckFunctionExists.c.o  -o cmTC_ff9e2 -lpthreads 
/usr/bin/ld: cannot find -lpthreads
collect2: error: ld returned 1 exit status
CMakeFiles/cmTC_ff9e2.dir/build.make:97: recipe for target 'cmTC_ff9e2' failed
make[1]: *** [cmTC_ff9e2] Error 1
make[1]: Leaving directory '/home/meital/ReplicatedSecretSharing3PartiesArithmeticNoTriples/cmake-build-debug/CMakeFiles/CMakeTmp'
Makefile:126: recipe for target 'cmTC_ff9e2/fast' failed
make: *** [cmTC_ff9e2/fast] Error 2


